<?xml version="1.0" encoding="UTF-8"?>
<!-- Generated by org.testng.reporters.JUnitXMLReporter -->
<testsuite ignored="0" hostname="DESKTOP-628K9RV" failures="0" tests="2" name="Surefire test" time="0.087" errors="0" timestamp="2021-02-24T22:16:06 IST">
  <testcase classname="qaclickacademy.MavenHome.AndroidTest" name="UiElementsrestandroid" time="0.009"/>
  <testcase classname="qaclickacademy.MavenHome.AndroidTest" name="browserauthenrestandroid" time="0.001"/>
</testsuite> <!-- Surefire test -->
