<?xml version="1.0" encoding="UTF-8"?>
<!-- Generated by org.testng.reporters.JUnitXMLReporter -->
<testsuite ignored="0" hostname="DESKTOP-628K9RV" failures="0" tests="4" name="Test" time="0.106" errors="0" timestamp="2021-02-24T22:13:28 IST">
  <testcase classname="qaclickacademy.MavenHome.RestApiTest" name="UiElementsrest" time="0.014"/>
  <testcase classname="qaclickacademy.MavenHome.RestApiTest" name="browserauthenrest" time="0.006"/>
  <testcase classname="qaclickacademy.MavenHome.AndroidTest" name="UiElementsrestandroid" time="0.002"/>
  <testcase classname="qaclickacademy.MavenHome.AndroidTest" name="browserauthenrestandroid" time="0.002"/>
</testsuite> <!-- Test -->
