<?xml version="1.0" encoding="UTF-8"?>
<!-- Generated by org.testng.reporters.JUnitXMLReporter -->
<testsuite ignored="0" hostname="DESKTOP-628K9RV" failures="0" tests="4" name="Test" time="0.167" errors="0" timestamp="2021-02-25T18:54:53 IST">
  <testcase classname="qaclickacademy.MavenHome.RestApiTest" name="UiElementsrest" time="0.023"/>
  <testcase classname="qaclickacademy.MavenHome.RestApiTest" name="browserauthenrest" time="0.0"/>
  <testcase classname="qaclickacademy.MavenHome.AndroidTest" name="UiElementsrestandroid" time="0.0"/>
  <testcase classname="qaclickacademy.MavenHome.AndroidTest" name="browserauthenrestandroid" time="0.001"/>
</testsuite> <!-- Test -->
