<?xml version="1.0" encoding="UTF-8"?>
<testng-results ignored="0" total="4" passed="4" failed="0" skipped="0">
  <reporter-output>
  </reporter-output>
  <suite started-at="2021-02-25T18:54:52 IST" name="Suite" finished-at="2021-02-25T18:54:52 IST" duration-ms="167">
    <groups>
    </groups>
    <test started-at="2021-02-25T18:54:52 IST" name="Test" finished-at="2021-02-25T18:54:52 IST" duration-ms="167">
      <class name="qaclickacademy.MavenHome.RestApiTest">
        <test-method signature="UiElementsrest()[pri:0, instance:qaclickacademy.MavenHome.RestApiTest@2f465398]" started-at="2021-02-25T18:54:52 IST" name="UiElementsrest" finished-at="2021-02-25T18:54:52 IST" duration-ms="23" status="PASS">
          <reporter-output>
          </reporter-output>
        </test-method> <!-- UiElementsrest -->
        <test-method signature="browserauthenrest()[pri:0, instance:qaclickacademy.MavenHome.RestApiTest@2f465398]" started-at="2021-02-25T18:54:52 IST" name="browserauthenrest" finished-at="2021-02-25T18:54:52 IST" duration-ms="0" status="PASS">
          <reporter-output>
          </reporter-output>
        </test-method> <!-- browserauthenrest -->
      </class> <!-- qaclickacademy.MavenHome.RestApiTest -->
      <class name="qaclickacademy.MavenHome.AndroidTest">
        <test-method signature="UiElementsrestandroid()[pri:0, instance:qaclickacademy.MavenHome.AndroidTest@548e6d58]" started-at="2021-02-25T18:54:52 IST" name="UiElementsrestandroid" finished-at="2021-02-25T18:54:52 IST" duration-ms="0" status="PASS">
          <reporter-output>
          </reporter-output>
        </test-method> <!-- UiElementsrestandroid -->
        <test-method signature="browserauthenrestandroid()[pri:0, instance:qaclickacademy.MavenHome.AndroidTest@548e6d58]" started-at="2021-02-25T18:54:52 IST" name="browserauthenrestandroid" finished-at="2021-02-25T18:54:52 IST" duration-ms="1" status="PASS">
          <reporter-output>
          </reporter-output>
        </test-method> <!-- browserauthenrestandroid -->
      </class> <!-- qaclickacademy.MavenHome.AndroidTest -->
    </test> <!-- Test -->
  </suite> <!-- Suite -->
</testng-results>
