<?xml version="1.0" encoding="UTF-8"?>
<testng-results ignored="0" total="4" passed="4" failed="0" skipped="0">
  <reporter-output>
  </reporter-output>
  <suite started-at="2021-02-24T22:13:28 IST" name="Suite" finished-at="2021-02-24T22:13:28 IST" duration-ms="106">
    <groups>
    </groups>
    <test started-at="2021-02-24T22:13:28 IST" name="Test" finished-at="2021-02-24T22:13:28 IST" duration-ms="106">
      <class name="qaclickacademy.MavenHome.RestApiTest">
        <test-method signature="UiElementsrest()[pri:0, instance:qaclickacademy.MavenHome.RestApiTest@13b13b5d]" started-at="2021-02-24T22:13:28 IST" name="UiElementsrest" finished-at="2021-02-24T22:13:28 IST" duration-ms="14" status="PASS">
          <reporter-output>
          </reporter-output>
        </test-method> <!-- UiElementsrest -->
        <test-method signature="browserauthenrest()[pri:0, instance:qaclickacademy.MavenHome.RestApiTest@13b13b5d]" started-at="2021-02-24T22:13:28 IST" name="browserauthenrest" finished-at="2021-02-24T22:13:28 IST" duration-ms="6" status="PASS">
          <reporter-output>
          </reporter-output>
        </test-method> <!-- browserauthenrest -->
      </class> <!-- qaclickacademy.MavenHome.RestApiTest -->
      <class name="qaclickacademy.MavenHome.AndroidTest">
        <test-method signature="UiElementsrestandroid()[pri:0, instance:qaclickacademy.MavenHome.AndroidTest@2892dae4]" started-at="2021-02-24T22:13:28 IST" name="UiElementsrestandroid" finished-at="2021-02-24T22:13:28 IST" duration-ms="2" status="PASS">
          <reporter-output>
          </reporter-output>
        </test-method> <!-- UiElementsrestandroid -->
        <test-method signature="browserauthenrestandroid()[pri:0, instance:qaclickacademy.MavenHome.AndroidTest@2892dae4]" started-at="2021-02-24T22:13:28 IST" name="browserauthenrestandroid" finished-at="2021-02-24T22:13:28 IST" duration-ms="2" status="PASS">
          <reporter-output>
          </reporter-output>
        </test-method> <!-- browserauthenrestandroid -->
      </class> <!-- qaclickacademy.MavenHome.AndroidTest -->
    </test> <!-- Test -->
  </suite> <!-- Suite -->
</testng-results>
